2025-10-16 10:29:37,111 - __main__ - INFO - 日志系统初始化完成
2025-10-16 10:29:37,111 - bili_api_v2 - INFO - 已从配置文件解析并加载 16 个Cookie
2025-10-16 10:29:37,143 - database - INFO - 数据库初始化成功
2025-10-16 10:29:37,144 - __main__ - INFO - 所有组件初始化完成
2025-10-16 10:29:37,144 - __main__ - INFO - B站动态监控机器人 V2 启动中...
2025-10-16 10:29:37,144 - __main__ - INFO - 监控的UP主数量: 3
2025-10-16 10:29:37,144 - __main__ - INFO -   - 史诗级韭菜 (UID: 322005137, 监控: dynamic, video)
2025-10-16 10:29:37,144 - __main__ - INFO -   - 貔貅PX_B站账户 (UID: 421387088, 监控: dynamic, video)
2025-10-16 10:29:37,144 - __main__ - INFO -   - 开心万万 (UID: 1485339841, 监控: dynamic, video)
2025-10-16 10:29:37,144 - __main__ - INFO - 🚀 超高效监控模式已启用:
2025-10-16 10:29:37,144 - __main__ - INFO -   🎯 全局检测间隔: 1 分钟 (超高效)
2025-10-16 10:29:37,144 - __main__ - INFO -   🔄 完整检查间隔: 5 分钟 (兜底机制)
2025-10-16 10:29:37,144 - __main__ - INFO - 开始测试组件连接...
2025-10-16 10:29:37,394 - dingtalk_sender - INFO - 钉钉消息发送成功
2025-10-16 10:29:37,396 - __main__ - INFO - ✅ 钉钉机器人连接测试成功
2025-10-16 10:29:37,396 - __main__ - INFO - 测试获取 史诗级韭菜 的信息...
2025-10-16 10:29:37,606 - bili_api_v2 - ERROR - API返回错误, code: -799, message: 请求过于频繁，请稍后再试
2025-10-16 10:29:37,606 - __main__ - ERROR - ❌ B站API测试失败
2025-10-16 10:29:37,606 - __main__ - INFO - === 统计信息 ===
2025-10-16 10:29:37,606 - __main__ - INFO - 总发送动态数: 0
2025-10-16 10:29:37,606 - __main__ - INFO - 今日发送数: 0
2025-10-16 10:29:37,606 - __main__ - INFO - 监控UP主数: 0
2025-10-16 10:29:37,606 - __main__ - INFO - 最新记录时间: None
2025-10-16 10:29:37,621 - __main__ - INFO - ================
2025-10-16 10:29:37,621 - __main__ - INFO - 执行首次更新检查（超高效模式）...
2025-10-16 10:29:40,573 - __main__ - INFO - 🎯 检测到 9 条新动态，开始详细分析
2025-10-16 10:29:43,700 - bili_api_v2 - INFO - 成功获取全部动态 20 条（已过滤置顶动态）
2025-10-16 10:29:43,700 - __main__ - INFO - 🎯 发现 貔貅PX_B站账户 的新动态: 1124176637129129989
2025-10-16 10:29:45,034 - dingtalk_sender - INFO - 钉钉消息发送成功
2025-10-16 10:29:45,052 - database - INFO - 记录动态成功: 1124176637129129989
2025-10-16 10:29:45,057 - __main__ - INFO - ✅ 貔貅PX_B站账户 新动态推送成功: 1124176637129129989
2025-10-16 10:29:45,057 - __main__ - INFO - 🎯 发现 史诗级韭菜 的新动态: 1124008098304884745
2025-10-16 10:29:46,598 - dingtalk_sender - INFO - 钉钉消息发送成功
2025-10-16 10:29:46,607 - database - INFO - 记录动态成功: 1124008098304884745
2025-10-16 10:29:46,607 - __main__ - INFO - ✅ 史诗级韭菜 新动态推送成功: 1124008098304884745
2025-10-16 10:29:46,607 - __main__ - INFO - 🎉 快速检测完成，已推送新动态
2025-10-16 10:29:46,607 - __main__ - INFO - 监控开始运行，按 Ctrl+C 停止
2025-10-16 10:31:40,032 - __main__ - INFO - 日志系统初始化完成
2025-10-16 10:31:40,037 - bili_api_v2 - INFO - 已从配置文件解析并加载 16 个Cookie
2025-10-16 10:31:40,052 - database - INFO - 数据库初始化成功
2025-10-16 10:31:40,052 - __main__ - INFO - 所有组件初始化完成
2025-10-16 10:31:40,052 - __main__ - INFO - B站动态监控机器人 V2 启动中...
2025-10-16 10:31:40,052 - __main__ - INFO - 监控的UP主数量: 3
2025-10-16 10:31:40,052 - __main__ - INFO -   - 史诗级韭菜 (UID: 322005137, 监控: dynamic, video)
2025-10-16 10:31:40,052 - __main__ - INFO -   - 貔貅PX_B站账户 (UID: 421387088, 监控: dynamic, video)
2025-10-16 10:31:40,052 - __main__ - INFO -   - 开心万万 (UID: 1485339841, 监控: dynamic, video)
2025-10-16 10:31:40,052 - __main__ - INFO - 🚀 超高效监控模式已启用:
2025-10-16 10:31:40,052 - __main__ - INFO -   🎯 全局检测间隔: 1 分钟 (超高效)
2025-10-16 10:31:40,052 - __main__ - INFO -   🔄 完整检查间隔: 5 分钟 (兜底机制)
2025-10-16 10:31:40,067 - __main__ - INFO - 开始测试组件连接...
2025-10-16 10:31:40,657 - dingtalk_sender - INFO - 钉钉消息发送成功
2025-10-16 10:31:40,671 - __main__ - INFO - ✅ 钉钉机器人连接测试成功
2025-10-16 10:31:40,674 - __main__ - INFO - 测试获取 史诗级韭菜 的信息...
2025-10-16 10:31:40,954 - bili_api_v2 - ERROR - API返回错误, code: -799, message: 请求过于频繁，请稍后再试
2025-10-16 10:31:40,954 - __main__ - ERROR - ❌ B站API测试失败
2025-10-16 10:31:40,992 - __main__ - INFO - === 统计信息 ===
2025-10-16 10:31:40,992 - __main__ - INFO - 总发送动态数: 2
2025-10-16 10:31:40,992 - __main__ - INFO - 今日发送数: 2
2025-10-16 10:31:40,993 - __main__ - INFO - 监控UP主数: 2
2025-10-16 10:31:40,993 - __main__ - INFO - 最新记录时间: 2025-10-16 02:29:46
2025-10-16 10:31:40,993 - __main__ - INFO - ================
2025-10-16 10:31:40,993 - __main__ - INFO - 执行首次更新检查（超高效模式）...
2025-10-16 10:31:43,753 - __main__ - INFO - 监控开始运行，按 Ctrl+C 停止
